[debug] [2021-09-08T17:25:02.153Z] ----------------------------------------------------------------------
[debug] [2021-09-08T17:25:02.158Z] Command:       C:\Program Files\nodejs\node.exe C:\Users\Sajjad Sadiq\AppData\Roaming\npm\node_modules\firebase-tools\lib\bin\firebase.js deploy
[debug] [2021-09-08T17:25:02.159Z] CLI Version:   9.12.0
[debug] [2021-09-08T17:25:02.159Z] Platform:      win32
[debug] [2021-09-08T17:25:02.159Z] Node Version:  v16.5.0
[debug] [2021-09-08T17:25:02.178Z] Time:          Wed Sep 08 2021 23:25:02 GMT+0600 (Bangladesh Standard Time)
[debug] [2021-09-08T17:25:02.178Z] ----------------------------------------------------------------------
[debug] 
[debug] [2021-09-08T17:25:02.205Z] > command requires scopes: ["email","openid","https://www.googleapis.com/auth/cloudplatformprojects.readonly","https://www.googleapis.com/auth/firebase","https://www.googleapis.com/auth/cloud-platform"]
[debug] [2021-09-08T17:25:02.205Z] > authorizing via signed-in user (sajjadsadiq2030@gmail.com)
[debug] [2021-09-08T17:25:02.206Z] [iam] checking project dhaka-news-portal for permissions ["firebase.projects.get","firebasehosting.sites.update"]
[debug] [2021-09-08T17:25:02.214Z] > refreshing access token with scopes: ["email","https://www.googleapis.com/auth/cloud-platform","https://www.googleapis.com/auth/cloudplatformprojects.readonly","https://www.googleapis.com/auth/firebase","openid"]
[debug] [2021-09-08T17:25:02.215Z] >>> HTTP REQUEST POST https://www.googleapis.com/oauth2/v3/token  
 <request body omitted>
[debug] [2021-09-08T17:25:02.739Z] <<< HTTP RESPONSE 200 {"cache-control":"no-cache, no-store, max-age=0, must-revalidate","expires":"Mon, 01 Jan 1990 00:00:00 GMT","date":"Wed, 08 Sep 2021 17:25:04 GMT","pragma":"no-cache","content-type":"application/json; charset=utf-8","vary":"X-Origin, Referer, Origin,Accept-Encoding","server":"scaffolding on HTTPServer2","x-xss-protection":"0","x-frame-options":"SAMEORIGIN","x-content-type-options":"nosniff","alt-svc":"h3=\":443\"; ma=2592000,h3-29=\":443\"; ma=2592000,h3-T051=\":443\"; ma=2592000,h3-Q050=\":443\"; ma=2592000,h3-Q046=\":443\"; ma=2592000,h3-Q043=\":443\"; ma=2592000,quic=\":443\"; ma=2592000; v=\"46,43\"","accept-ranges":"none","transfer-encoding":"chunked"}
[debug] [2021-09-08T17:25:02.754Z] >>> HTTP REQUEST POST https://cloudresourcemanager.googleapis.com/v1/projects/dhaka-news-portal:testIamPermissions  
 {"permissions":["firebase.projects.get","firebasehosting.sites.update"]}
[debug] [2021-09-08T17:25:04.347Z] <<< HTTP RESPONSE 200 {"content-type":"application/json; charset=UTF-8","vary":"X-Origin, Referer, Origin,Accept-Encoding","date":"Wed, 08 Sep 2021 17:25:05 GMT","server":"ESF","cache-control":"private","x-xss-protection":"0","x-frame-options":"SAMEORIGIN","x-content-type-options":"nosniff","server-timing":"gfet4t7; dur=1149","alt-svc":"h3=\":443\"; ma=2592000,h3-29=\":443\"; ma=2592000,h3-T051=\":443\"; ma=2592000,h3-Q050=\":443\"; ma=2592000,h3-Q046=\":443\"; ma=2592000,h3-Q043=\":443\"; ma=2592000,quic=\":443\"; ma=2592000; v=\"46,43\"","accept-ranges":"none","transfer-encoding":"chunked"}
[debug] [2021-09-08T17:25:04.350Z] > refreshing access token with scopes: []
[debug] [2021-09-08T17:25:04.351Z] >>> HTTP REQUEST POST https://www.googleapis.com/oauth2/v3/token  
 <request body omitted>
[debug] [2021-09-08T17:25:25.825Z] Authentication Error: Your credentials are no longer valid. Please run firebase login --reauth

For CI servers and headless environments, generate a new token with firebase login:ci
[debug] [2021-09-08T17:25:47.030Z] FirebaseError: Authentication Error: Your credentials are no longer valid. Please run firebase login --reauth

For CI servers and headless environments, generate a new token with firebase login:ci
    at invalidCredentialError (C:\Users\Sajjad Sadiq\AppData\Roaming\npm\node_modules\firebase-tools\lib\auth.js:141:12)
    at refreshTokens (C:\Users\Sajjad Sadiq\AppData\Roaming\npm\node_modules\firebase-tools\lib\auth.js:448:15)
    at processTicksAndRejections (node:internal/process/task_queues:96:5)
    at async Client.getAccessToken (C:\Users\Sajjad Sadiq\AppData\Roaming\npm\node_modules\firebase-tools\lib\apiv2.js:144:23)
    at async Client.addAuthHeader (C:\Users\Sajjad Sadiq\AppData\Roaming\npm\node_modules\firebase-tools\lib\apiv2.js:135:21)
    at async Client.request (C:\Users\Sajjad Sadiq\AppData\Roaming\npm\node_modules\firebase-tools\lib\apiv2.js:93:34)
    at async Object.getFirebaseProject (C:\Users\Sajjad Sadiq\AppData\Roaming\npm\node_modules\firebase-tools\lib\management\projects.js:290:21)
    at async Object.getDefaultHostingSite (C:\Users\Sajjad Sadiq\AppData\Roaming\npm\node_modules\firebase-tools\lib\getDefaultHostingSite.js:8:21)
    at async requireHostingSite (C:\Users\Sajjad Sadiq\AppData\Roaming\npm\node_modules\firebase-tools\lib\requireHostingSite.js:9:18)
    at async Object.fn (C:\Users\Sajjad Sadiq\AppData\Roaming\npm\node_modules\firebase-tools\lib\commands\deploy.js:66:9)
    at async C:\Users\Sajjad Sadiq\AppData\Roaming\npm\node_modules\firebase-tools\lib\command.js:169:17
[error] 
[error] Error: Failed to get Firebase project dhaka-news-portal. Please make sure the project exists and your account has permission to access it.
[debug] [2021-09-08T17:30:44.191Z] ----------------------------------------------------------------------
[debug] [2021-09-08T17:30:44.196Z] Command:       C:\Program Files\nodejs\node.exe C:\Users\Sajjad Sadiq\AppData\Roaming\npm\node_modules\firebase-tools\lib\bin\firebase.js deploy
[debug] [2021-09-08T17:30:44.197Z] CLI Version:   9.12.0
[debug] [2021-09-08T17:30:44.197Z] Platform:      win32
[debug] [2021-09-08T17:30:44.197Z] Node Version:  v16.5.0
[debug] [2021-09-08T17:30:44.209Z] Time:          Wed Sep 08 2021 23:30:44 GMT+0600 (Bangladesh Standard Time)
[debug] [2021-09-08T17:30:44.209Z] ----------------------------------------------------------------------
[debug] 
[debug] [2021-09-08T17:30:44.228Z] > command requires scopes: ["email","openid","https://www.googleapis.com/auth/cloudplatformprojects.readonly","https://www.googleapis.com/auth/firebase","https://www.googleapis.com/auth/cloud-platform"]
[debug] [2021-09-08T17:30:44.228Z] > authorizing via signed-in user (sajjadsadiq2030@gmail.com)
[debug] [2021-09-08T17:30:44.229Z] [iam] checking project dhaka-news-portal for permissions ["firebase.projects.get","firebasehosting.sites.update"]
[debug] [2021-09-08T17:30:44.235Z] >>> HTTP REQUEST POST https://cloudresourcemanager.googleapis.com/v1/projects/dhaka-news-portal:testIamPermissions  
 {"permissions":["firebase.projects.get","firebasehosting.sites.update"]}
[debug] [2021-09-08T17:31:05.437Z] [iam] error while checking permissions, command may fail: FirebaseError: Server Error. connect ETIMEDOUT 142.250.195.138:443
[debug] [2021-09-08T17:31:05.440Z] > refreshing access token with scopes: []
[debug] [2021-09-08T17:31:05.441Z] >>> HTTP REQUEST POST https://www.googleapis.com/oauth2/v3/token  
 <request body omitted>
[debug] [2021-09-08T17:31:27.017Z] Authentication Error: Your credentials are no longer valid. Please run firebase login --reauth

For CI servers and headless environments, generate a new token with firebase login:ci
[debug] [2021-09-08T17:31:48.630Z] FirebaseError: Authentication Error: Your credentials are no longer valid. Please run firebase login --reauth

For CI servers and headless environments, generate a new token with firebase login:ci
    at invalidCredentialError (C:\Users\Sajjad Sadiq\AppData\Roaming\npm\node_modules\firebase-tools\lib\auth.js:141:12)
    at refreshTokens (C:\Users\Sajjad Sadiq\AppData\Roaming\npm\node_modules\firebase-tools\lib\auth.js:448:15)
    at processTicksAndRejections (node:internal/process/task_queues:96:5)
    at async Client.getAccessToken (C:\Users\Sajjad Sadiq\AppData\Roaming\npm\node_modules\firebase-tools\lib\apiv2.js:144:23)
    at async Client.addAuthHeader (C:\Users\Sajjad Sadiq\AppData\Roaming\npm\node_modules\firebase-tools\lib\apiv2.js:135:21)
    at async Client.request (C:\Users\Sajjad Sadiq\AppData\Roaming\npm\node_modules\firebase-tools\lib\apiv2.js:93:34)
    at async Object.getFirebaseProject (C:\Users\Sajjad Sadiq\AppData\Roaming\npm\node_modules\firebase-tools\lib\management\projects.js:290:21)
    at async Object.getDefaultHostingSite (C:\Users\Sajjad Sadiq\AppData\Roaming\npm\node_modules\firebase-tools\lib\getDefaultHostingSite.js:8:21)
    at async requireHostingSite (C:\Users\Sajjad Sadiq\AppData\Roaming\npm\node_modules\firebase-tools\lib\requireHostingSite.js:9:18)
    at async Object.fn (C:\Users\Sajjad Sadiq\AppData\Roaming\npm\node_modules\firebase-tools\lib\commands\deploy.js:66:9)
    at async C:\Users\Sajjad Sadiq\AppData\Roaming\npm\node_modules\firebase-tools\lib\command.js:169:17
[error] 
[error] Error: Failed to get Firebase project dhaka-news-portal. Please make sure the project exists and your account has permission to access it.
